<?xml version="1.0" encoding="UTF-8"?>
<testsuite name="Testing" tests="3" skipped="0" failures="0" errors="0" timestamp="2025-03-12T23:21:38" hostname="UTO-C02YG4AHJGH5" time="0.011">
  <properties/>
  <testcase name="echoCorrect" classname="Testing" time="0.005"/>
  <testcase name="typeWrong" classname="Testing" time="0.005"/>
  <testcase name="echoErrors" classname="Testing" time="0.001"/>
  <system-out><![CDATA[Echo request: {"data":"whooooo","type":"echo"}
Echo request: {"data1":"whooooo","type":"echo"}
Echo request: {"data":33,"type":"echo"}
Echo request: {"data":true,"type":"echo"}
]]></system-out>
  <system-err><![CDATA[]]></system-err>
</testsuite>
